#-----------------------------------------------------------
# Vivado v2019.1 (64-bit)
# SW Build 2552052 on Fri May 24 14:49:42 MDT 2019
# IP Build 2548770 on Fri May 24 18:01:18 MDT 2019
# Start of session at: Thu Jan 12 06:59:42 2023
# Process ID: 2100
# Current directory: E:/University/University_Projects/Code_Project-based_magistracy/vivado/proc_model/model
# Command line: vivado.exe -gui_launcher_event rodinguilauncherevent12724 E:\University\University_Projects\Code_Project-based_magistracy\vivado\proc_model\model\model.xpr
# Log file: E:/University/University_Projects/Code_Project-based_magistracy/vivado/proc_model/model/vivado.log
# Journal file: E:/University/University_Projects/Code_Project-based_magistracy/vivado/proc_model/model\vivado.jou
#-----------------------------------------------------------
start_gui
open_project E:/University/University_Projects/Code_Project-based_magistracy/vivado/proc_model/model/model.xpr
INFO: [ProjectBase 1-489] The host OS only allows 260 characters in a normal path. The project is stored in a path with more than 80 characters. If you experience issues with IP, Block Designs, or files not being found, please consider moving the project to a location with a shorter path. Alternately consider using the OS subst command to map part of the path to a drive letter.
Current project path is 'E:/University/University_Projects/Code_Project-based_magistracy/vivado/proc_model/model'
Scanning sources...
Finished scanning sources
INFO: [IP_Flow 19-234] Refreshing IP repositories
INFO: [IP_Flow 19-1704] No user IP repositories specified
INFO: [IP_Flow 19-2313] Loaded Vivado IP repository 'C:/Xilinx/Vivado/2019.1/data/ip'.
open_project: Time (s): cpu = 00:00:22 ; elapsed = 00:00:13 . Memory (MB): peak = 797.938 ; gain = 137.102
update_compile_order -fileset sources_1
export_ip_user_files -of_objects  [get_files E:/University/University_Projects/Code_Project-based_magistracy/vivado/proc_model/model/model.srcs/sources_1/ip/fifo_generator_1/fifo_generator_1.xci] -no_script -reset -force -quiet
remove_files  E:/University/University_Projects/Code_Project-based_magistracy/vivado/proc_model/model/model.srcs/sources_1/ip/fifo_generator_1/fifo_generator_1.xci
file delete -force E:/University/University_Projects/Code_Project-based_magistracy/vivado/proc_model/model/model.srcs/sources_1/ip/fifo_generator_1
update_compile_order -fileset sources_1
update_compile_order -fileset sources_1
exit
INFO: [Common 17-206] Exiting Vivado at Thu Jan 12 07:43:35 2023...
